Warning: Permanently added '[intel-latency-single-node-worker-1.intel-latency-single-node.intel.svc]:2222' (ECDSA) to the list of known hosts.
Warning: Permanently added '[intel-latency-single-node-worker-0.intel-latency-single-node.intel.svc]:2222' (ECDSA) to the list of known hosts.
#----------------------------------------------------------------
#    Intel(R) MPI Benchmarks 2018, MPI-1 part
#----------------------------------------------------------------
# Date                  : Fri Aug 23 06:45:52 2024
# Machine               : x86_64
# System                : Linux
# Release               : 6.9.12-200.fc40.x86_64
# Version               : #1 SMP PREEMPT_DYNAMIC Sat Jul 27 15:56:15 UTC 2024
# MPI Version           : 3.1
# MPI Thread Environment:


# Calling sequence was:

# /home/mpiuser/code/IMB-MPI1 pingpong

# Minimum message length in bytes:   0
# Maximum message length in bytes:   4194304
#
# MPI_Datatype                   :   MPI_BYTE
# MPI_Datatype for reductions    :   MPI_FLOAT
# MPI_Op                         :   MPI_SUM
#
#

# List of Benchmarks to run:

# PingPong

#---------------------------------------------------
# Benchmarking PingPong
# #processes = 2
#---------------------------------------------------
       #bytes #repetitions      t[usec]   Mbytes/sec
            0         1000      4053.52         0.00
            1         1000      4040.51         0.00
            2         1000      4001.50         0.00
            4         1000      4047.50         0.00
            8         1000      4049.00         0.00
           16         1000      4045.00         0.00
           32         1000      4107.00         0.01
           64         1000      4145.50         0.02
          128         1000      4105.50         0.03
          256         1000      4084.50         0.06
          512         1000      4120.00         0.12
         1024         1000      4017.00         0.25
         2048         1000      3997.00         0.51
         4096         1000      4133.00         0.99
         8192         1000      4001.50         2.05
        16384         1000      4107.00         3.99
        32768         1000      4138.50         7.92
        65536          417     12151.10         5.39
       131072          320     12640.67        10.37
       262144          160     12009.57        21.83
       524288           80     12144.29        43.17
      1048576           40     12002.36        87.36
      2097152           20     12909.77       162.45
      4194304           10     13430.44       312.30


# All processes entering MPI_Finalize

